\BOOKMARK [0][-]{chapter*.4}{Kurzfassung}{}% 1
\BOOKMARK [0][-]{chapter*.5}{Abstract}{}% 2
\BOOKMARK [0][-]{section*.6}{Contents}{}% 3
\BOOKMARK [0][-]{chapter.1}{Introduction}{}% 4
\BOOKMARK [1][-]{section.1.1}{Motivation}{chapter.1}% 5
\BOOKMARK [1][-]{section.1.2}{Aim of the Work}{chapter.1}% 6
\BOOKMARK [1][-]{section.1.3}{Approach}{chapter.1}% 7
\BOOKMARK [0][-]{chapter.2}{Related Work}{}% 8
\BOOKMARK [0][-]{chapter.3}{Background}{}% 9
\BOOKMARK [1][-]{section.3.1}{State-of-the-art Datasets}{chapter.3}% 10
\BOOKMARK [1][-]{section.3.2}{Force Based Layouts}{chapter.3}% 11
\BOOKMARK [1][-]{section.3.3}{2D Multilayer Layouts}{chapter.3}% 12
\BOOKMARK [0][-]{chapter.4}{Proposed Solution}{}% 13
\BOOKMARK [1][-]{section.4.1}{Concepts}{chapter.4}% 14
\BOOKMARK [1][-]{section.4.2}{Position of Nodes}{chapter.4}% 15
\BOOKMARK [1][-]{section.4.3}{Usage of different Visual Features}{chapter.4}% 16
\BOOKMARK [1][-]{section.4.4}{Graph Exploration}{chapter.4}% 17
\BOOKMARK [1][-]{section.4.5}{Interaction}{chapter.4}% 18
\BOOKMARK [0][-]{chapter.5}{Implementation}{}% 19
\BOOKMARK [1][-]{section.5.1}{Preprocessing Scripts}{chapter.5}% 20
\BOOKMARK [1][-]{section.5.2}{Position}{chapter.5}% 21
\BOOKMARK [1][-]{section.5.3}{Rendering}{chapter.5}% 22
\BOOKMARK [1][-]{section.5.4}{VR Interactions}{chapter.5}% 23
\BOOKMARK [1][-]{section.5.5}{Scale}{chapter.5}% 24
\BOOKMARK [0][-]{chapter.6}{Results}{}% 25
\BOOKMARK [1][-]{section.6.1}{Our Impression}{chapter.6}% 26
\BOOKMARK [0][-]{chapter.7}{Conclusion and Future Work}{}% 27
\BOOKMARK [1][-]{section.7.1}{Future Work}{chapter.7}% 28
\BOOKMARK [0][-]{section*.11}{List of Figures}{}% 29
\BOOKMARK [0][-]{section*.12}{List of Tables}{}% 30
\BOOKMARK [0][-]{chapter*.13}{List of Algorithms}{}% 31
\BOOKMARK [0][-]{section*.15}{Bibliography}{}% 32
